Discarded from the analysis. Unclear evidence for being tumor or normal. 
Sample type with sample numbers:
            Granulocytes Primary Xenograft Tissue                   Slides 
                      40                        1                        1 
[1] "159-162"
[1] "TCGA-LAML...DONE"
[1] "585-513"
[1] "TCGA-HNSC...DONE"
[1] "383-372"
[1] "TCGA-KIRC...DONE"
[1] "504-469"
[1] "TCGA-COAD...DONE"
[1] "182-184"
[1] "TCGA-PCPG...DONE"
[1] "150-156"
[1] "TCGA-TGCT...DONE"
[1] "171-165"
[1] "TCGA-READ...DONE"
[1] "83-83"
[1] "TCGA-MESO...DONE"
[1] "66-66"
[1] "TCGA-KICH...DONE"
[1] "573-551"
[1] "TCGA-UCEC...DONE"
[1] "92-92"
[1] "TCGA-ACC...DONE"
[1] "513-532"
[1] "TCGA-LGG...DONE"
[1] "259-259"
[1] "TCGA-SARC...DONE"
[1] "308-307"
[1] "TCGA-CESC...DONE"
[1] "1103-1072"
[1] "TCGA-BRCA...DONE"
[1] "431-419"
[1] "TCGA-BLCA...DONE"
[1] "37-37"
[1] "TCGA-DLBC...DONE"
[1] "320-294"
[1] "TCGA-KIRP...DONE"
[1] "485-441"
[1] "TCGA-STAD...DONE"
[1] "530-507"
[1] "TCGA-THCA...DONE"
[1] "80-80"
[1] "TCGA-UVM...DONE"
[1] "409-379"
[1] "TCGA-LIHC...DONE"
[1] "472-472"
[1] "TCGA-SKCM...DONE"
[1] "665-635"
[1] "TCGA-LUAD...DONE"
[1] "546-503"
[1] "TCGA-PRAD...DONE"
[1] "190-185"
[1] "TCGA-ESCA...DONE"
[1] "190-185"
[1] "TCGA-PAAD...DONE"
[1] "102-230"
[1] "TARGET-ALL-P3...DONE"
[1] "833-843"
[1] "TARGET-ALL-P2...DONE"
[1] "57-69"
[1] "TARGET-RT...DONE"
[1] "528-523"
[1] "TCGA-OV...DONE"
[1] "1894-2106"
[1] "MMRF-COMMPASS...DONE"
[1] "487-506"
[1] "TCGA-GBM...DONE"
[1] "594-564"
[1] "TCGA-LUSC...DONE"
[1] "57-57"
[1] "TCGA-UCS...DONE"
[1] "143-151"
[1] "TARGET-OS...DONE"
[1] "10-1"
[1] "TARGET-ALL-P1...DONE"
[1] "125-123"
[1] "TCGA-THYM...DONE"
[1] "64-51"
[1] "TCGA-CHOL...DONE"
[1] "227-231"
[1] "TARGET-NBL...DONE"
[1] "47-47"
[1] "TARGET-WT...DONE"
[1] "43-78"
[1] "CGCI-BLGSP...DONE"
[1] "52-98"
[1] "TARGET-AML...DONE"
